<?xml version="1.0" encoding="UTF-8"?>
<!-- Generated by org.testng.reporters.JUnitXMLReporter -->
<testsuite ignored="0" hostname="SARAVANANR" failures="1" tests="1" name="Test2" time="4.12" errors="0" timestamp="2021-10-26T14:22:48 IST">
  <testcase classname="GoogleTest.GTest2" name="TS002" time="3.783">
    <failure type="java.lang.AssertionError" message="expected [Amazon] but found [Google]">
      <![CDATA[java.lang.AssertionError: expected [Amazon] but found [Google]
at GoogleTest.GTest2.TS002(GTest2.java:20)
at java.base/java.util.ArrayList.forEach(ArrayList.java:1541)
... Removed 33 stack frames]]>
    </failure>
  </testcase> <!-- TS002 -->
</testsuite> <!-- Test2 -->
